SF:lib\models\cart_item.dart
DA:10,3
DA:12,2
DA:13,8
DA:16,10
DA:18,0
DA:20,1
DA:21,3
LF:7
LH:6
end_of_record
SF:lib\models\item.dart
DA:10,7
DA:12,4
DA:13,4
DA:14,16
DA:15,20
DA:16,4
DA:19,6
DA:20,18
DA:23,0
DA:25,2
DA:26,14
LF:11
LH:10
end_of_record
SF:lib\repositories\items_repository.dart
DA:7,1
DA:9,2
DA:11,1
DA:13,0
DA:18,3
DA:20,1
DA:22,1
DA:24,4
DA:26,0
DA:30,1
DA:31,1
DA:32,2
DA:33,2
DA:38,3
LF:14
LH:12
end_of_record
SF:lib\cubits\shopping_cubit.dart
DA:13,3
DA:15,1
DA:16,8
DA:17,3
DA:18,2
DA:19,2
DA:20,6
DA:22,4
DA:23,1
DA:24,3
DA:28,1
DA:29,8
DA:30,3
DA:31,2
DA:32,1
DA:33,3
DA:37,1
DA:38,8
DA:39,3
DA:40,2
DA:41,1
DA:42,2
DA:43,4
DA:45,3
DA:49,4
DA:50,1
DA:51,3
DA:53,1
DA:54,1
DA:56,1
DA:58,3
DA:61,4
DA:63,1
DA:66,1
DA:68,0
DA:73,1
DA:76,1
DA:78,0
LF:38
LH:36
end_of_record
SF:lib\cubits\states\shopping_state.dart
DA:11,2
DA:13,1
DA:14,1
DA:15,1
DA:16,1
DA:17,1
DA:21,1
DA:22,1
DA:23,5
DA:24,5
DA:25,1
DA:28,2
DA:29,7
DA:32,0
DA:34,1
DA:35,4
LF:16
LH:15
end_of_record
SF:lib\cubits\items_cubit.dart
DA:10,2
DA:12,1
DA:13,3
DA:15,2
DA:17,3
DA:19,3
DA:23,2
DA:24,1
DA:25,3
DA:26,1
DA:30,1
DA:31,2
LF:12
LH:12
end_of_record
SF:lib\cubits\states\items_states.dart
DA:10,3
DA:12,1
DA:13,1
DA:14,1
DA:15,0
DA:16,1
DA:19,1
DA:20,4
LF:8
LH:7
end_of_record
SF:lib\cubits\states\status.dart
DA:4,0
DA:5,0
DA:6,0
DA:7,0
DA:9,0
DA:11,0
DA:13,0
DA:15,0
DA:17,0
DA:24,0
DA:25,0
DA:26,0
DA:28,0
DA:30,0
DA:32,0
LF:15
LH:0
end_of_record
